[debug] [2025-12-23T14:28:38.362Z] ----------------------------------------------------------------------
[debug] [2025-12-23T14:28:38.364Z] Command:       C:\Program Files\nodejs\node.exe C:\Users\Stranger\AppData\Roaming\npm\node_modules\firebase-tools\lib\bin\firebase.js init
[debug] [2025-12-23T14:28:38.365Z] CLI Version:   15.1.0
[debug] [2025-12-23T14:28:38.365Z] Platform:      win32
[debug] [2025-12-23T14:28:38.365Z] Node Version:  v22.20.0
[debug] [2025-12-23T14:28:38.365Z] Time:          Tue Dec 23 2025 21:28:38 GMT+0700 (Indochina Time)
[debug] [2025-12-23T14:28:38.365Z] ----------------------------------------------------------------------
[debug] 
[debug] [2025-12-23T14:28:38.367Z] >>> [apiv2][query] GET https://firebase-public.firebaseio.com/cli.json [none]
[info] 
     ######## #### ########  ######## ########     ###     ######  ########
     ##        ##  ##     ## ##       ##     ##  ##   ##  ##       ##
     ######    ##  ########  ######   ########  #########  ######  ######
     ##        ##  ##    ##  ##       ##     ## ##     ##       ## ##
     ##       #### ##     ## ######## ########  ##     ##  ######  ########

You're about to initialize a Firebase project in this directory:

  C:\Users\Stranger\Desktop\test\clinicApp

[debug] [2025-12-23T14:28:40.005Z] <<< [apiv2][status] GET https://firebase-public.firebaseio.com/cli.json 200
[debug] [2025-12-23T14:28:40.005Z] <<< [apiv2][body] GET https://firebase-public.firebaseio.com/cli.json {"cloudBuildErrorAfter":1594252800000,"cloudBuildWarnAfter":1590019200000,"defaultNode10After":1594252800000,"minVersion":"3.0.5","node8DeploysDisabledAfter":1613390400000,"node8RuntimeDisabledAfter":1615809600000,"node8WarnAfter":1600128000000}
[info] 
=== Project Setup
[info] 
[info] First, let's associate this project directory with a Firebase project.
[info] You can create multiple project aliases by running firebase use --add, 
[info] 
[debug] [2025-12-23T14:29:56.561Z] > command requires scopes: ["email","openid","https://www.googleapis.com/auth/cloudplatformprojects.readonly","https://www.googleapis.com/auth/firebase","https://www.googleapis.com/auth/cloud-platform"]
[debug] [2025-12-23T14:29:56.561Z] > authorizing via signed-in user (kanchainack123@gmail.com)
[debug] [2025-12-23T14:29:56.562Z] Checked if tokens are valid: false, expires at: 1740555402440
[debug] [2025-12-23T14:29:56.562Z] Checked if tokens are valid: false, expires at: 1740555402440
[debug] [2025-12-23T14:29:56.562Z] > refreshing access token with scopes: []
[debug] [2025-12-23T14:29:56.563Z] >>> [apiv2][query] POST https://www.googleapis.com/oauth2/v3/token [none]
[debug] [2025-12-23T14:29:56.563Z] >>> [apiv2][body] POST https://www.googleapis.com/oauth2/v3/token [omitted]
[debug] [2025-12-23T14:29:56.772Z] <<< [apiv2][status] POST https://www.googleapis.com/oauth2/v3/token 400
[debug] [2025-12-23T14:29:56.772Z] <<< [apiv2][body] POST https://www.googleapis.com/oauth2/v3/token [omitted]
[debug] [2025-12-23T14:29:56.773Z] >>> [apiv2][query] GET https://firebase.googleapis.com/v1beta1/projects pageSize=100
[debug] [2025-12-23T14:29:57.014Z] <<< [apiv2][status] GET https://firebase.googleapis.com/v1beta1/projects 401
[debug] [2025-12-23T14:29:57.014Z] <<< [apiv2][body] GET https://firebase.googleapis.com/v1beta1/projects [omitted]
[debug] [2025-12-23T14:29:57.014Z] Got a 401 Unauthenticated error for a call that required authentication. Refreshing tokens.
[debug] [2025-12-23T14:29:57.014Z] Checked if tokens are valid: false, expires at: 1740555402440
[debug] [2025-12-23T14:29:57.014Z] Checked if tokens are valid: false, expires at: 1740555402440
[debug] [2025-12-23T14:29:57.014Z] > refreshing access token with scopes: []
[debug] [2025-12-23T14:29:57.014Z] >>> [apiv2][query] POST https://www.googleapis.com/oauth2/v3/token [none]
[debug] [2025-12-23T14:29:57.014Z] >>> [apiv2][body] POST https://www.googleapis.com/oauth2/v3/token [omitted]
[debug] [2025-12-23T14:29:57.094Z] <<< [apiv2][status] POST https://www.googleapis.com/oauth2/v3/token 400
[debug] [2025-12-23T14:29:57.094Z] <<< [apiv2][body] POST https://www.googleapis.com/oauth2/v3/token [omitted]
[debug] [2025-12-23T14:29:57.095Z] Request to https://firebase.googleapis.com/v1beta1/projects?pageSize=100 had HTTP Error: 401, Request had invalid authentication credentials. Expected OAuth 2 access token, login cookie or other valid authentication credential. See https://developers.google.com/identity/sign-in/web/devconsole-project.
[debug] [2025-12-23T14:29:57.276Z] FirebaseError: Request to https://firebase.googleapis.com/v1beta1/projects?pageSize=100 had HTTP Error: 401, Request had invalid authentication credentials. Expected OAuth 2 access token, login cookie or other valid authentication credential. See https://developers.google.com/identity/sign-in/web/devconsole-project.
    at responseToError (C:\Users\Stranger\AppData\Roaming\npm\node_modules\firebase-tools\lib\responseToError.js:53:12)
    at RetryOperation._fn (C:\Users\Stranger\AppData\Roaming\npm\node_modules\firebase-tools\lib\apiv2.js:322:77)
    at process.processTicksAndRejections (node:internal/process/task_queues:105:5)
[error] 
[error] Error: Failed to list Firebase projects. See firebase-debug.log for more info.
[debug] [2025-12-23T14:30:01.552Z] ----------------------------------------------------------------------
[debug] [2025-12-23T14:30:01.554Z] Command:       C:\Program Files\nodejs\node.exe C:\Users\Stranger\AppData\Roaming\npm\node_modules\firebase-tools\lib\bin\firebase.js init
[debug] [2025-12-23T14:30:01.554Z] CLI Version:   15.1.0
[debug] [2025-12-23T14:30:01.554Z] Platform:      win32
[debug] [2025-12-23T14:30:01.554Z] Node Version:  v22.20.0
[debug] [2025-12-23T14:30:01.554Z] Time:          Tue Dec 23 2025 21:30:01 GMT+0700 (Indochina Time)
[debug] [2025-12-23T14:30:01.554Z] ----------------------------------------------------------------------
[debug] 
[info] 
     ######## #### ########  ######## ########     ###     ######  ########
     ##        ##  ##     ## ##       ##     ##  ##   ##  ##       ##
     ######    ##  ########  ######   ########  #########  ######  ######
     ##        ##  ##    ##  ##       ##     ## ##     ##       ## ##
     ##       #### ##     ## ######## ########  ##     ##  ######  ########

You're about to initialize a Firebase project in this directory:

  C:\Users\Stranger\Desktop\test\clinicApp

[info] 
=== Project Setup
[info] 
[info] First, let's associate this project directory with a Firebase project.
[info] You can create multiple project aliases by running firebase use --add, 
[info] 
[info] i  If you want to create a project in a Google Cloud organization or folder, please use "firebase projects:create" instead, and return to this command when you've created the project. 
[debug] [2025-12-23T14:30:11.759Z] > command requires scopes: ["email","openid","https://www.googleapis.com/auth/cloudplatformprojects.readonly","https://www.googleapis.com/auth/firebase","https://www.googleapis.com/auth/cloud-platform"]
[debug] [2025-12-23T14:30:11.760Z] > authorizing via signed-in user (kanchainack123@gmail.com)
[debug] [2025-12-23T14:30:17.663Z] Checked if tokens are valid: false, expires at: 1740555402440
[debug] [2025-12-23T14:30:17.664Z] Checked if tokens are valid: false, expires at: 1740555402440
[debug] [2025-12-23T14:30:17.664Z] > refreshing access token with scopes: []
[debug] [2025-12-23T14:30:17.665Z] >>> [apiv2][query] POST https://www.googleapis.com/oauth2/v3/token [none]
[debug] [2025-12-23T14:30:17.665Z] >>> [apiv2][body] POST https://www.googleapis.com/oauth2/v3/token [omitted]
[debug] [2025-12-23T14:30:17.880Z] <<< [apiv2][status] POST https://www.googleapis.com/oauth2/v3/token 400
[debug] [2025-12-23T14:30:17.880Z] <<< [apiv2][body] POST https://www.googleapis.com/oauth2/v3/token [omitted]
[debug] [2025-12-23T14:30:17.880Z] >>> [apiv2][query] POST https://firebase.googleapis.com/v1/projects:checkProjectId [none]
[debug] [2025-12-23T14:30:17.880Z] >>> [apiv2][body] POST https://firebase.googleapis.com/v1/projects:checkProjectId {"proposedId":"clinic"}
[debug] [2025-12-23T14:30:18.108Z] <<< [apiv2][status] POST https://firebase.googleapis.com/v1/projects:checkProjectId 401
[debug] [2025-12-23T14:30:18.108Z] <<< [apiv2][body] POST https://firebase.googleapis.com/v1/projects:checkProjectId {"error":{"code":401,"message":"Request had invalid authentication credentials. Expected OAuth 2 access token, login cookie or other valid authentication credential. See https://developers.google.com/identity/sign-in/web/devconsole-project.","status":"UNAUTHENTICATED"}}
[debug] [2025-12-23T14:30:18.108Z] Got a 401 Unauthenticated error for a call that required authentication. Refreshing tokens.
[debug] [2025-12-23T14:30:18.108Z] Checked if tokens are valid: false, expires at: 1740555402440
[debug] [2025-12-23T14:30:18.108Z] Checked if tokens are valid: false, expires at: 1740555402440
[debug] [2025-12-23T14:30:18.108Z] > refreshing access token with scopes: []
[debug] [2025-12-23T14:30:18.108Z] >>> [apiv2][query] POST https://www.googleapis.com/oauth2/v3/token [none]
[debug] [2025-12-23T14:30:18.108Z] >>> [apiv2][body] POST https://www.googleapis.com/oauth2/v3/token [omitted]
[debug] [2025-12-23T14:30:18.192Z] <<< [apiv2][status] POST https://www.googleapis.com/oauth2/v3/token 400
[debug] [2025-12-23T14:30:18.192Z] <<< [apiv2][body] POST https://www.googleapis.com/oauth2/v3/token [omitted]
[debug] [2025-12-23T14:30:18.193Z] Couldn't check if project ID clinic is available. Original error: FirebaseError: Failed to check if project ID is available. See firebase-debug.log for more info.
[debug] [2025-12-23T14:30:23.614Z] Checked if tokens are valid: false, expires at: 1740555402440
[debug] [2025-12-23T14:30:23.615Z] Checked if tokens are valid: false, expires at: 1740555402440
[debug] [2025-12-23T14:30:23.615Z] > refreshing access token with scopes: []
[debug] [2025-12-23T14:30:23.615Z] >>> [apiv2][query] POST https://www.googleapis.com/oauth2/v3/token [none]
[debug] [2025-12-23T14:30:23.615Z] >>> [apiv2][body] POST https://www.googleapis.com/oauth2/v3/token [omitted]
[debug] [2025-12-23T14:30:23.801Z] <<< [apiv2][status] POST https://www.googleapis.com/oauth2/v3/token 400
[debug] [2025-12-23T14:30:23.801Z] <<< [apiv2][body] POST https://www.googleapis.com/oauth2/v3/token [omitted]
[debug] [2025-12-23T14:30:23.801Z] >>> [apiv2][query] POST https://cloudresourcemanager.googleapis.com/v1/projects [none]
[debug] [2025-12-23T14:30:23.801Z] >>> [apiv2][body] POST https://cloudresourcemanager.googleapis.com/v1/projects {"projectId":"clinic","name":"clinic"}
[debug] [2025-12-23T14:30:25.053Z] <<< [apiv2][status] POST https://cloudresourcemanager.googleapis.com/v1/projects 401
[debug] [2025-12-23T14:30:25.053Z] <<< [apiv2][body] POST https://cloudresourcemanager.googleapis.com/v1/projects {"error":{"code":401,"message":"Request had invalid authentication credentials. Expected OAuth 2 access token, login cookie or other valid authentication credential. See https://developers.google.com/identity/sign-in/web/devconsole-project.","status":"UNAUTHENTICATED","details":[{"@type":"type.googleapis.com/google.rpc.ErrorInfo","reason":"ACCESS_TOKEN_TYPE_UNSUPPORTED","metadata":{"method":"google.cloudresourcemanager.v1.Projects.CreateProject","service":"cloudresourcemanager.googleapis.com"}}]}}
[debug] [2025-12-23T14:30:25.053Z] Got a 401 Unauthenticated error for a call that required authentication. Refreshing tokens.
[debug] [2025-12-23T14:30:25.053Z] Checked if tokens are valid: false, expires at: 1740555402440
[debug] [2025-12-23T14:30:25.053Z] Checked if tokens are valid: false, expires at: 1740555402440
[debug] [2025-12-23T14:30:25.053Z] > refreshing access token with scopes: []
[debug] [2025-12-23T14:30:25.053Z] >>> [apiv2][query] POST https://www.googleapis.com/oauth2/v3/token [none]
[debug] [2025-12-23T14:30:25.053Z] >>> [apiv2][body] POST https://www.googleapis.com/oauth2/v3/token [omitted]
[debug] [2025-12-23T14:30:25.134Z] <<< [apiv2][status] POST https://www.googleapis.com/oauth2/v3/token 400
[debug] [2025-12-23T14:30:25.134Z] <<< [apiv2][body] POST https://www.googleapis.com/oauth2/v3/token [omitted]
[debug] [2025-12-23T14:30:25.325Z] FirebaseError: Request to https://cloudresourcemanager.googleapis.com/v1/projects had HTTP Error: 401, Request had invalid authentication credentials. Expected OAuth 2 access token, login cookie or other valid authentication credential. See https://developers.google.com/identity/sign-in/web/devconsole-project.
    at responseToError (C:\Users\Stranger\AppData\Roaming\npm\node_modules\firebase-tools\lib\responseToError.js:53:12)
    at RetryOperation._fn (C:\Users\Stranger\AppData\Roaming\npm\node_modules\firebase-tools\lib\apiv2.js:322:77)
    at process.processTicksAndRejections (node:internal/process/task_queues:105:5)
[error] 
[error] Error: Failed to create project. See firebase-debug.log for more info.
